-------------------------------------------------------------------------------
Test set: com.bolsadeideas.springboot.backend.apirest.SpringBootBackendApirestApplicationTests
-------------------------------------------------------------------------------
Tests run: 1, Failures: 0, Errors: 1, Skipped: 0, Time elapsed: 3.693 s <<< FAILURE! - in com.bolsadeideas.springboot.backend.apirest.SpringBootBackendApirestApplicationTests
initializationError(com.bolsadeideas.springboot.backend.apirest.SpringBootBackendApirestApplicationTests)  Time elapsed: 0.067 s  <<< ERROR!
java.lang.IllegalStateException: Unable to find a @SpringBootConfiguration, you need to use @ContextConfiguration or @SpringBootTest(classes=...) with your test

