<?xml version="1.0" encoding="UTF-8"?>
<testsuite xmlns:xsi="http://www.w3.org/2001/XMLSchema-instance" xsi:noNamespaceSchemaLocation="https://maven.apache.org/surefire/maven-surefire-plugin/xsd/surefire-test-report.xsd" name="com.bolsadeideas.springboot.backend.apirest.SpringBootBackendApirestApplicationTests" time="2.692" tests="1" errors="1" skipped="0" failures="0">
  <properties>
[...]
</properties>
  <testcase name="initializationError" classname="com.bolsadeideas.springboot.backend.apirest.SpringBootBackendApirestApplicationTests" time="0.015">
    <error message="Unable to find a @SpringBootConfiguration, you need to use @ContextConfiguration or @SpringBootTest(classes=...) with your test" type="java.lang.IllegalStateException">java.lang.IllegalStateException: Unable to find a @SpringBootConfiguration, you need to use @ContextConfiguration or @SpringBootTest(classes=...) with your test
</error>
    <system-out><![CDATA[19:05:25.550 [main] DEBUG org.springframework.test.context.junit4.SpringJUnit4ClassRunner - SpringJUnit4ClassRunner constructor called with [class com.bolsadeideas.springboot.backend.apirest.SpringBootBackendApirestApplicationTests]
19:05:25.635 [main] DEBUG org.springframework.test.context.BootstrapUtils - Instantiating CacheAwareContextLoaderDelegate from class [org.springframework.test.context.cache.DefaultCacheAwareContextLoaderDelegate]
19:05:25.681 [main] DEBUG org.springframework.test.context.BootstrapUtils - Instantiating BootstrapContext using constructor [public org.springframework.test.context.support.DefaultBootstrapContext(java.lang.Class,org.springframework.test.context.CacheAwareContextLoaderDelegate)]
19:05:25.723 [main] DEBUG org.springframework.test.context.BootstrapUtils - Instantiating TestContextBootstrapper for test class [com.bolsadeideas.springboot.backend.apirest.SpringBootBackendApirestApplicationTests] from class [org.springframework.boot.test.context.SpringBootTestContextBootstrapper]
19:05:25.998 [main] INFO org.springframework.boot.test.context.SpringBootTestContextBootstrapper - Neither @ContextConfiguration nor @ContextHierarchy found for test class [com.bolsadeideas.springboot.backend.apirest.SpringBootBackendApirestApplicationTests], using SpringBootContextLoader
19:05:26.005 [main] DEBUG org.springframework.test.context.support.AbstractContextLoader - Did not detect default resource location for test class [com.bolsadeideas.springboot.backend.apirest.SpringBootBackendApirestApplicationTests]: class path resource [com/bolsadeideas/springboot/backend/apirest/SpringBootBackendApirestApplicationTests-context.xml] does not exist
19:05:26.006 [main] DEBUG org.springframework.test.context.support.AbstractContextLoader - Did not detect default resource location for test class [com.bolsadeideas.springboot.backend.apirest.SpringBootBackendApirestApplicationTests]: class path resource [com/bolsadeideas/springboot/backend/apirest/SpringBootBackendApirestApplicationTestsContext.groovy] does not exist
19:05:26.006 [main] INFO org.springframework.test.context.support.AbstractContextLoader - Could not detect default resource locations for test class [com.bolsadeideas.springboot.backend.apirest.SpringBootBackendApirestApplicationTests]: no resource found for suffixes {-context.xml, Context.groovy}.
19:05:26.016 [main] INFO org.springframework.test.context.support.AnnotationConfigContextLoaderUtils - Could not detect default configuration classes for test class [com.bolsadeideas.springboot.backend.apirest.SpringBootBackendApirestApplicationTests]: SpringBootBackendApirestApplicationTests does not declare any static, non-private, non-final, nested classes annotated with @Configuration.
19:05:26.957 [main] DEBUG org.springframework.test.context.support.ActiveProfilesUtils - Could not find an 'annotation declaring class' for annotation type [org.springframework.test.context.ActiveProfiles] and class [com.bolsadeideas.springboot.backend.apirest.SpringBootBackendApirestApplicationTests]
]]></system-out>
  </testcase>
</testsuite>